<?xml version="1.0" encoding="UTF-8"?>
<testsuite name="Cucumber.RunCukeTest" time="0.002" tests="16" errors="0" skipped="0" failures="0">
  <properties>
    <property name="java.runtime.name" value="Java(TM) SE Runtime Environment"/>
    <property name="sun.boot.library.path" value="C:\Program Files\Java\jdk1.8.0_121\jre\bin"/>
    <property name="java.vm.version" value="25.121-b13"/>
    <property name="java.vm.vendor" value="Oracle Corporation"/>
    <property name="java.vendor.url" value="http://java.oracle.com/"/>
    <property name="path.separator" value=";"/>
    <property name="guice.disable.misplaced.annotation.check" value="true"/>
    <property name="java.vm.name" value="Java HotSpot(TM) 64-Bit Server VM"/>
    <property name="file.encoding.pkg" value="sun.io"/>
    <property name="user.script" value=""/>
    <property name="user.country" value="US"/>
    <property name="sun.java.launcher" value="SUN_STANDARD"/>
    <property name="sun.os.patch.level" value="Service Pack 1"/>
    <property name="java.vm.specification.name" value="Java Virtual Machine Specification"/>
    <property name="user.dir" value="H:\Muthulakshmi\Tools\MyCode\com.poc.rest"/>
    <property name="java.runtime.version" value="1.8.0_121-b13"/>
    <property name="java.awt.graphicsenv" value="sun.awt.Win32GraphicsEnvironment"/>
    <property name="java.endorsed.dirs" value="C:\Program Files\Java\jdk1.8.0_121\jre\lib\endorsed"/>
    <property name="os.arch" value="amd64"/>
    <property name="java.io.tmpdir" value="C:\Users\MUTHUL~1.R\AppData\Local\Temp\"/>
    <property name="line.separator" value="&#10;"/>
    <property name="java.vm.specification.vendor" value="Oracle Corporation"/>
    <property name="user.variant" value=""/>
    <property name="os.name" value="Windows 7"/>
    <property name="classworlds.conf" value="H:\Muthulakshmi\Tools\MyCode\.metadata\.plugins\org.eclipse.m2e.launching\launches\m2conf1715559166696630981.tmp"/>
    <property name="sun.jnu.encoding" value="Cp1252"/>
    <property name="java.library.path" value="C:\Program Files\Java\jdk1.8.0_121\bin;C:\Windows\Sun\Java\bin;C:\Windows\system32;C:\Windows;C:/Program Files/Java/jre1.8.0_144/bin/server;C:/Program Files/Java/jre1.8.0_144/bin;C:/Program Files/Java/jre1.8.0_144/lib/amd64;C:\ProgramData\Oracle\Java\javapath;C:\Program Files (x86)\Intel\iCLS Client\;C:\Program Files\Intel\iCLS Client\;C:\Windows\system32;C:\Windows;C:\Windows\System32\Wbem;C:\Windows\System32\WindowsPowerShell\v1.0\;C:\Program Files\Intel\WiFi\bin\;C:\Program Files\Common Files\Intel\WirelessCommon\;C:\Program Files\ThinkPad\Bluetooth Software\;C:\Program Files\ThinkPad\Bluetooth Software\syswow64;C:\Program Files\Intel\Intel(R) Management Engine Components\DAL;C:\Program Files\Intel\Intel(R) Management Engine Components\IPT;C:\Program Files (x86)\Intel\Intel(R) Management Engine Components\DAL;C:\Program Files (x86)\Intel\Intel(R) Management Engine Components\IPT;C:\Program Files (x86)\Intel\OpenCL SDK\2.0\bin\x86;C:\Program Files (x86)\Intel\OpenCL SDK\2.0\bin\x64;C:\Program Files\Common Files\Lenovo;C:\Program Files (x86)\Common Files\Ulead Systems\MPEG;C:\SWTOOLS\ReadyApps;C:\Program Files (x86)\Common Files\Lenovo;C:\Program Files\Java\jdk1.8.0_121\bin;C:\Program Files\nodejs\;H:\Muthulakshmi\jboss-eap-7.0\bin;H:\Muthulakshmi\apache-maven-3.3.9\bin;H:\Muthulakshmi\apache-ant-1.9.7-bin\apache-ant-1.9.7\bin;C:\Program Files\Git\cmd;H:\Muthulakshmi\jboss-eap-7.0\bin;C:\Program Files (x86)\Skype\Phone\;C:\Users\muthulakshmi.r\AppData\Roaming\npm;H:\Muthulakshmi\CodeCoverage\GIT\Xportal\Drivers\geckodriver.exe;C:\phantomjs\bin;C:\phantomjs\casperjs-1.1.4-1\bin;C:\phantomjs\slimerjs-0.10.3;H:\Muthulakshmi\Tools\ffmpeg-20170223-dcd3418-win64-static\bin;H:\Muthulakshmi\Eclipse_XTEP1\Automation\Drivers\chromedriver.exe;;C:\Windows\system32;;."/>
    <property name="java.specification.name" value="Java Platform API Specification"/>
    <property name="java.class.version" value="52.0"/>
    <property name="sun.management.compiler" value="HotSpot 64-Bit Tiered Compilers"/>
    <property name="os.version" value="6.1"/>
    <property name="user.home" value="C:\Users\muthulakshmi.r"/>
    <property name="user.timezone" value="Asia/Singapore"/>
    <property name="java.awt.printerjob" value="sun.awt.windows.WPrinterJob"/>
    <property name="java.specification.version" value="1.8"/>
    <property name="file.encoding" value="Cp1252"/>
    <property name="user.name" value="Muthulakshmi.R"/>
    <property name="java.class.path" value="/H:/Muthulakshmi/eclipse/configuration/org.eclipse.osgi/bundles/535/1/.cp/jars/plexus-classworlds-2.4.jar"/>
    <property name="java.vm.specification.version" value="1.8"/>
    <property name="sun.arch.data.model" value="64"/>
    <property name="java.home" value="C:\Program Files\Java\jdk1.8.0_121\jre"/>
    <property name="sun.java.command" value="org.codehaus.plexus.classworlds.launcher.Launcher -B install"/>
    <property name="java.specification.vendor" value="Oracle Corporation"/>
    <property name="user.language" value="en"/>
    <property name="awt.toolkit" value="sun.awt.windows.WToolkit"/>
    <property name="java.vm.info" value="mixed mode"/>
    <property name="java.version" value="1.8.0_121"/>
    <property name="java.ext.dirs" value="C:\Program Files\Java\jdk1.8.0_121\jre\lib\ext;C:\Windows\Sun\Java\lib\ext"/>
    <property name="sun.boot.class.path" value="C:\Program Files\Java\jdk1.8.0_121\jre\lib\resources.jar;C:\Program Files\Java\jdk1.8.0_121\jre\lib\rt.jar;C:\Program Files\Java\jdk1.8.0_121\jre\lib\sunrsasign.jar;C:\Program Files\Java\jdk1.8.0_121\jre\lib\jsse.jar;C:\Program Files\Java\jdk1.8.0_121\jre\lib\jce.jar;C:\Program Files\Java\jdk1.8.0_121\jre\lib\charsets.jar;C:\Program Files\Java\jdk1.8.0_121\jre\lib\jfr.jar;C:\Program Files\Java\jdk1.8.0_121\jre\classes"/>
    <property name="java.vendor" value="Oracle Corporation"/>
    <property name="maven.home" value="H:\Muthulakshmi\Tools\MyCode\com.poc.rest\EMBEDDED"/>
    <property name="file.separator" value="\"/>
    <property name="java.vendor.url.bug" value="http://bugreport.sun.com/bugreport/"/>
    <property name="maven.bootclasspath" value="/H:/Muthulakshmi/eclipse/configuration/org.eclipse.osgi/bundles/535/1/.cp/jars/plexus-classworlds-2.4.jar"/>
    <property name="sun.cpu.endian" value="little"/>
    <property name="sun.io.unicode.encoding" value="UnicodeLittle"/>
    <property name="sun.desktop" value="windows"/>
    <property name="sun.cpu.isalist" value="amd64"/>
  </properties>
  <testcase name="Given a valid google user is logged in" classname="| NewCucuTask1 | muthulakshmi88&apos;s list |" time="0.001"/>
  <testcase name="When he requested task &quot;NewCucuTask1&quot; creation under taskList &quot;muthulakshmi88&apos;s list&quot;" classname="| NewCucuTask1 | muthulakshmi88&apos;s list |" time="0"/>
  <testcase name="Then the task should be created" classname="| NewCucuTask1 | muthulakshmi88&apos;s list |" time="0"/>
  <testcase name="| NewCucuTask1 | muthulakshmi88&apos;s list |" classname="| NewCucuTask1 | muthulakshmi88&apos;s list |" time="0"/>
  <testcase name="Given a valid google user is logged in" classname="| NewCucuTask2 | muthulakshmi88&apos;s list |" time="0"/>
  <testcase name="When he requested task &quot;NewCucuTask2&quot; creation under taskList &quot;muthulakshmi88&apos;s list&quot;" classname="| NewCucuTask2 | muthulakshmi88&apos;s list |" time="0"/>
  <testcase name="Then the task should be created" classname="| NewCucuTask2 | muthulakshmi88&apos;s list |" time="0"/>
  <testcase name="| NewCucuTask2 | muthulakshmi88&apos;s list |" classname="| NewCucuTask2 | muthulakshmi88&apos;s list |" time="0"/>
  <testcase name="Given a valid google user is logged in" classname="| NewTask_POC1 | muthulakshmi88&apos;s list |" time="0"/>
  <testcase name="When he requested to move the task &quot;NewTask_POC1&quot; under taskList &quot;muthulakshmi88&apos;s list&quot;" classname="| NewTask_POC1 | muthulakshmi88&apos;s list |" time="0"/>
  <testcase name="Then the task should be moved" classname="| NewTask_POC1 | muthulakshmi88&apos;s list |" time="0"/>
  <testcase name="| NewTask_POC1 | muthulakshmi88&apos;s list |" classname="| NewTask_POC1 | muthulakshmi88&apos;s list |" time="0.001"/>
  <testcase name="Given a valid google user is logged in" classname="| NewTask_POC3 | muthulakshmi88&apos;s list |" time="0"/>
  <testcase name="When he requested to move the task &quot;NewTask_POC3&quot; under taskList &quot;muthulakshmi88&apos;s list&quot;" classname="| NewTask_POC3 | muthulakshmi88&apos;s list |" time="0"/>
  <testcase name="Then the task should be moved" classname="| NewTask_POC3 | muthulakshmi88&apos;s list |" time="0"/>
  <testcase name="| NewTask_POC3 | muthulakshmi88&apos;s list |" classname="| NewTask_POC3 | muthulakshmi88&apos;s list |" time="0"/>
</testsuite>